Using pre-set license
Built from '2020.2/staging' branch; Version is '2020.2.3f1 (8ff31bc5bf5b) revision 9433883'; Using compiler version '192528614'; Build Type 'Release'
OS: 'Windows 10 Home; OS build 19042.1052; Version 2009; 64bit' Language: 'en' Physical Memory: 16204 MB
BatchMode: 1, IsHumanControllingUs: 0, StartBugReporterOnCrash: 0, Is64bit: 1, IsPro: 0

 COMMAND LINE ARGUMENTS:
E:\My Games\Hub\Editor\2020.2.3f1\Editor\Unity.exe
-adb2
-batchMode
-noUpm
-name
AssetImportWorker0
-projectPath
E:/My Games/Unity Projects/PeaceMakers-The Video Game
-logFile
Logs/AssetImportWorker0.log
-srvPort
63371
Successfully changed project path to: E:/My Games/Unity Projects/PeaceMakers-The Video Game
E:/My Games/Unity Projects/PeaceMakers-The Video Game
Using Asset Import Pipeline V2.
Refreshing native plugins compatible for Editor in 35.05 ms, found 1 plugins.
Preloading 0 native plugins for Editor in 0.00 ms.
Initialize engine version: 2020.2.3f1 (8ff31bc5bf5b)
[Subsystems] Discovering subsystems at path E:/My Games/Hub/Editor/2020.2.3f1/Editor/Data/Resources/UnitySubsystems
[Subsystems] Discovering subsystems at path E:/My Games/Unity Projects/PeaceMakers-The Video Game/Assets
GfxDevice: creating device client; threaded=0
Direct3D:
    Version:  Direct3D 11.0 [level 11.1]
    Renderer: Intel(R) UHD Graphics (ID=0x9bc4)
    Vendor:   
    VRAM:     8102 MB
    Driver:   26.20.100.7642
Initialize mono
Mono path[0] = 'E:/My Games/Hub/Editor/2020.2.3f1/Editor/Data/Managed'
Mono path[1] = 'E:/My Games/Hub/Editor/2020.2.3f1/Editor/Data/MonoBleedingEdge/lib/mono/unityjit'
Mono config path = 'E:/My Games/Hub/Editor/2020.2.3f1/Editor/Data/MonoBleedingEdge/etc'
Using monoOptions --debugger-agent=transport=dt_socket,embedding=1,server=y,suspend=n,address=127.0.0.1:56560
Begin MonoManager ReloadAssembly
Registering precompiled unity dll's ...
Register platform support module: E:/My Games/Hub/Editor/2020.2.3f1/Editor/Data/PlaybackEngines/WebGLSupport/UnityEditor.WebGL.Extensions.dll
Register platform support module: E:/My Games/Hub/Editor/2020.2.3f1/Editor/Data/PlaybackEngines/MacStandaloneSupport/UnityEditor.OSXStandalone.Extensions.dll
Register platform support module: E:/My Games/Hub/Editor/2020.2.3f1/Editor/Data/PlaybackEngines/WindowsStandaloneSupport/UnityEditor.WindowsStandalone.Extensions.dll
Register platform support module: E:/My Games/Hub/Editor/2020.2.3f1/Editor/Data/PlaybackEngines/LinuxStandaloneSupport/UnityEditor.LinuxStandalone.Extensions.dll
Registered in 0.003635 seconds.
Native extension for LinuxStandalone target not found
Native extension for WindowsStandalone target not found
Native extension for OSXStandalone target not found
Native extension for WebGL target not found
Refreshing native plugins compatible for Editor in 39.74 ms, found 1 plugins.
Preloading 0 native plugins for Editor in 0.00 ms.
Invoked RoslynAnalysisRunner static constructor.
RoslynAnalysisRunner will not be running.
RoslynAnalysisRunner has terminated.
Mono: successfully reloaded assembly
- Completed reload, in  2.107 seconds
Platform modules already initialized, skipping
Registering precompiled user dll's ...
Registered in 0.000799 seconds.
Begin MonoManager ReloadAssembly
Native extension for LinuxStandalone target not found
Native extension for WindowsStandalone target not found
Native extension for OSXStandalone target not found
Native extension for WebGL target not found
Refreshing native plugins compatible for Editor in 36.45 ms, found 1 plugins.
Preloading 0 native plugins for Editor in 0.00 ms.
Invoked RoslynAnalysisRunner static constructor.
RoslynAnalysisRunner will not be running.
RoslynAnalysisRunner has terminated.
Mono: successfully reloaded assembly
- Completed reload, in  0.927 seconds
Platform modules already initialized, skipping
========================================================================
Worker process is ready to serve import requests
Launched and connected shader compiler UnityShaderCompiler.exe after 0.05 seconds
Refreshing native plugins compatible for Editor in 0.36 ms, found 1 plugins.
Preloading 0 native plugins for Editor in 0.00 ms.
Unloading 1846 Unused Serialized files (Serialized files now loaded: 0)
System memory in use before: 88.4 MB.
System memory in use after: 88.3 MB.

Unloading 24 unused Assets to reduce memory usage. Loaded Objects now: 2289.
Total: 2.058500 ms (FindLiveObjects: 0.170600 ms CreateObjectMapping: 0.060500 ms MarkObjects: 1.709200 ms  DeleteObjects: 0.117300 ms)

========================================================================
Received Import Request.
  path: Assets/Scenes/Stage 4-2.unity
  artifactKey: Guid(381fc49bbb18ff04ebb63001c187a838) Importer(815301076,1909f56bfc062723c751e8b465ee728b)
Start importing Assets/Scenes/Stage 4-2.unity using Guid(381fc49bbb18ff04ebb63001c187a838) Importer(815301076,1909f56bfc062723c751e8b465ee728b)  -> (artifact id: '1476b9085705e6e77ff090d2f6472aaf') in 0.090334 seconds
  Import took 0.098347 seconds .

========================================================================
Received Prepare
Registering precompiled user dll's ...
Registered in 0.001301 seconds.
Begin MonoManager ReloadAssembly
Native extension for LinuxStandalone target not found
Native extension for WindowsStandalone target not found
Native extension for OSXStandalone target not found
Native extension for WebGL target not found
Refreshing native plugins compatible for Editor in 0.47 ms, found 1 plugins.
Preloading 0 native plugins for Editor in 0.00 ms.
Invoked RoslynAnalysisRunner static constructor.
RoslynAnalysisRunner will not be running.
RoslynAnalysisRunner has terminated.
Mono: successfully reloaded assembly
- Completed reload, in  1.201 seconds
Platform modules already initialized, skipping
Refreshing native plugins compatible for Editor in 0.90 ms, found 1 plugins.
Preloading 0 native plugins for Editor in 0.00 ms.
Unloading 1841 Unused Serialized files (Serialized files now loaded: 0)
System memory in use before: 88.4 MB.
System memory in use after: 88.3 MB.

Unloading 12 unused Assets to reduce memory usage. Loaded Objects now: 2292.
Total: 6.348100 ms (FindLiveObjects: 1.164400 ms CreateObjectMapping: 0.563100 ms MarkObjects: 4.405200 ms  DeleteObjects: 0.212000 ms)

========================================================================
Received Prepare
Registering precompiled user dll's ...
Registered in 0.187594 seconds.
Begin MonoManager ReloadAssembly
Native extension for LinuxStandalone target not found
Native extension for WindowsStandalone target not found
Native extension for OSXStandalone target not found
Native extension for WebGL target not found
Refreshing native plugins compatible for Editor in 0.93 ms, found 1 plugins.
Preloading 0 native plugins for Editor in 0.00 ms.
Invoked RoslynAnalysisRunner static constructor.
RoslynAnalysisRunner will not be running.
RoslynAnalysisRunner has terminated.
Mono: successfully reloaded assembly
- Completed reload, in  8.795 seconds
Platform modules already initialized, skipping
Refreshing native plugins compatible for Editor in 0.76 ms, found 1 plugins.
Preloading 0 native plugins for Editor in 0.00 ms.
Unloading 1841 Unused Serialized files (Serialized files now loaded: 0)
System memory in use before: 88.4 MB.
System memory in use after: 88.4 MB.

Unloading 12 unused Assets to reduce memory usage. Loaded Objects now: 2295.
Total: 3.237200 ms (FindLiveObjects: 0.324300 ms CreateObjectMapping: 0.099200 ms MarkObjects: 2.690900 ms  DeleteObjects: 0.120000 ms)

========================================================================
Received Import Request.
  Time since last request: 3954.614171 seconds.
  path: Assets/Scripts/Enemy.cs
  artifactKey: Guid(6f1a50e216ed0ed46bae62878ffba282) Importer(815301076,1909f56bfc062723c751e8b465ee728b)
Start importing Assets/Scripts/Enemy.cs using Guid(6f1a50e216ed0ed46bae62878ffba282) Importer(815301076,1909f56bfc062723c751e8b465ee728b)  -> (artifact id: 'b9c5f35b74392e13a53fe965815e3567') in 0.042331 seconds
  Import took 0.045414 seconds .

========================================================================
Received Import Request.
  Time since last request: 0.023033 seconds.
  path: Assets/Scripts/Enemy.cs
  artifactKey: Guid(6f1a50e216ed0ed46bae62878ffba282) Importer(815301076,1909f56bfc062723c751e8b465ee728b)
Start importing Assets/Scripts/Enemy.cs using Guid(6f1a50e216ed0ed46bae62878ffba282) Importer(815301076,1909f56bfc062723c751e8b465ee728b)  -> (artifact id: 'b9c5f35b74392e13a53fe965815e3567') in 0.004378 seconds
  Import took 0.007877 seconds .

========================================================================
Received Prepare
Registering precompiled user dll's ...
Registered in 0.000721 seconds.
Begin MonoManager ReloadAssembly
Native extension for LinuxStandalone target not found
Native extension for WindowsStandalone target not found
Native extension for OSXStandalone target not found
Native extension for WebGL target not found
Refreshing native plugins compatible for Editor in 0.40 ms, found 1 plugins.
Preloading 0 native plugins for Editor in 0.00 ms.
Invoked RoslynAnalysisRunner static constructor.
RoslynAnalysisRunner will not be running.
RoslynAnalysisRunner has terminated.
Mono: successfully reloaded assembly
- Completed reload, in  0.708 seconds
Platform modules already initialized, skipping
Refreshing native plugins compatible for Editor in 0.31 ms, found 1 plugins.
Preloading 0 native plugins for Editor in 0.00 ms.
Unloading 1841 Unused Serialized files (Serialized files now loaded: 0)
System memory in use before: 88.4 MB.
System memory in use after: 88.4 MB.

Unloading 12 unused Assets to reduce memory usage. Loaded Objects now: 2298.
Total: 2.556800 ms (FindLiveObjects: 0.381500 ms CreateObjectMapping: 0.188300 ms MarkObjects: 1.906700 ms  DeleteObjects: 0.078500 ms)

========================================================================
Received Import Request.
  Time since last request: 3015.994896 seconds.
  path: Assets/Prefab/Cmdr. Kahn(Boss).prefab
  artifactKey: Guid(92d9e2b059ff51e41ad60d22ca4bd4f5) Importer(815301076,1909f56bfc062723c751e8b465ee728b)
Start importing Assets/Prefab/Cmdr. Kahn(Boss).prefab using Guid(92d9e2b059ff51e41ad60d22ca4bd4f5) Importer(815301076,1909f56bfc062723c751e8b465ee728b)  -> (artifact id: '8ad3afd2245bb4c9ea55f71d6fe260bd') in 0.225609 seconds
  Import took 0.228259 seconds .

========================================================================
Received Import Request.
  Time since last request: 0.000334 seconds.
  path: Assets/Prefab/Ares Soldier Fist.prefab
  artifactKey: Guid(80570433c2595264daa7e6550b388158) Importer(815301076,1909f56bfc062723c751e8b465ee728b)
Start importing Assets/Prefab/Ares Soldier Fist.prefab using Guid(80570433c2595264daa7e6550b388158) Importer(815301076,1909f56bfc062723c751e8b465ee728b)  -> (artifact id: '22088f2cd01b567d3f1f4ede0a544789') in 0.058904 seconds
  Import took 0.061506 seconds .

========================================================================
Received Import Request.
  Time since last request: 0.000248 seconds.
  path: Assets/Prefab/Ares Soldier Sword.prefab
  artifactKey: Guid(d3d84ef5fab116841bf9ccbb52dc39c9) Importer(815301076,1909f56bfc062723c751e8b465ee728b)
Start importing Assets/Prefab/Ares Soldier Sword.prefab using Guid(d3d84ef5fab116841bf9ccbb52dc39c9) Importer(815301076,1909f56bfc062723c751e8b465ee728b)  -> (artifact id: 'f590f8c045f48997b58e2fbbb67bc510') in 0.060012 seconds
  Import took 0.062650 seconds .

========================================================================
Received Import Request.
  Time since last request: 0.000261 seconds.
  path: Assets/Prefab/Ares Soldier RPG.prefab
  artifactKey: Guid(1ad02284adf8aa7458593bc4bb8d4f88) Importer(815301076,1909f56bfc062723c751e8b465ee728b)
Start importing Assets/Prefab/Ares Soldier RPG.prefab using Guid(1ad02284adf8aa7458593bc4bb8d4f88) Importer(815301076,1909f56bfc062723c751e8b465ee728b)  -> (artifact id: 'd12abf58a121c5748d097dc577391630') in 0.057403 seconds
  Import took 0.060254 seconds .

========================================================================
Received Import Request.
  Time since last request: 0.000212 seconds.
  path: Assets/Prefab/Ares Soldier SMG.prefab
  artifactKey: Guid(8343cb3f6407bfd4496e131ea630894e) Importer(815301076,1909f56bfc062723c751e8b465ee728b)
Start importing Assets/Prefab/Ares Soldier SMG.prefab using Guid(8343cb3f6407bfd4496e131ea630894e) Importer(815301076,1909f56bfc062723c751e8b465ee728b)  -> (artifact id: 'dbf2a5d31144ccf17c2334ff7bcfdc86') in 0.057323 seconds
  Import took 0.060157 seconds .

========================================================================
Received Import Request.
  Time since last request: 0.000236 seconds.
  path: Assets/Prefab/Gilt(Boss).prefab
  artifactKey: Guid(ca8e7df08246d70478a757f6903d5321) Importer(815301076,1909f56bfc062723c751e8b465ee728b)
Start importing Assets/Prefab/Gilt(Boss).prefab using Guid(ca8e7df08246d70478a757f6903d5321) Importer(815301076,1909f56bfc062723c751e8b465ee728b)  -> (artifact id: '77d99651da3af173eec72e0d6169c6fc') in 0.063296 seconds
  Import took 0.066226 seconds .

========================================================================
Received Import Request.
  Time since last request: 0.000268 seconds.
  path: Assets/Prefab/Ares Soldier AR.prefab
  artifactKey: Guid(6e9a3ad55f461fe41b22d15b4a3a7ad9) Importer(815301076,1909f56bfc062723c751e8b465ee728b)
Start importing Assets/Prefab/Ares Soldier AR.prefab using Guid(6e9a3ad55f461fe41b22d15b4a3a7ad9) Importer(815301076,1909f56bfc062723c751e8b465ee728b)  -> (artifact id: 'ae676cb54cf1ec484c6b6b0c18f2f6fe') in 0.057717 seconds
  Import took 0.060438 seconds .

========================================================================
Received Prepare
Registering precompiled user dll's ...
Registered in 0.000838 seconds.
Begin MonoManager ReloadAssembly
Native extension for LinuxStandalone target not found
Native extension for WindowsStandalone target not found
Native extension for OSXStandalone target not found
Native extension for WebGL target not found
Refreshing native plugins compatible for Editor in 0.33 ms, found 1 plugins.
Preloading 0 native plugins for Editor in 0.00 ms.
Invoked RoslynAnalysisRunner static constructor.
RoslynAnalysisRunner will not be running.
RoslynAnalysisRunner has terminated.
Mono: successfully reloaded assembly
- Completed reload, in  0.651 seconds
Platform modules already initialized, skipping
Refreshing native plugins compatible for Editor in 0.31 ms, found 1 plugins.
Preloading 0 native plugins for Editor in 0.00 ms.
Unloading 1841 Unused Serialized files (Serialized files now loaded: 0)
System memory in use before: 91.9 MB.
System memory in use after: 91.8 MB.

Unloading 12 unused Assets to reduce memory usage. Loaded Objects now: 2308.
Total: 1.947200 ms (FindLiveObjects: 0.211800 ms CreateObjectMapping: 0.044900 ms MarkObjects: 1.614400 ms  DeleteObjects: 0.075300 ms)

========================================================================
Received Prepare
Registering precompiled user dll's ...
Registered in 0.000627 seconds.
Begin MonoManager ReloadAssembly
Native extension for LinuxStandalone target not found
Native extension for WindowsStandalone target not found
Native extension for OSXStandalone target not found
Native extension for WebGL target not found
Refreshing native plugins compatible for Editor in 0.34 ms, found 1 plugins.
Preloading 0 native plugins for Editor in 0.00 ms.
Invoked RoslynAnalysisRunner static constructor.
RoslynAnalysisRunner will not be running.
RoslynAnalysisRunner has terminated.
Mono: successfully reloaded assembly
- Completed reload, in  0.694 seconds
Platform modules already initialized, skipping
Refreshing native plugins compatible for Editor in 0.40 ms, found 1 plugins.
Preloading 0 native plugins for Editor in 0.00 ms.
Unloading 1841 Unused Serialized files (Serialized files now loaded: 0)
System memory in use before: 91.9 MB.
System memory in use after: 91.9 MB.

Unloading 12 unused Assets to reduce memory usage. Loaded Objects now: 2311.
Total: 2.709600 ms (FindLiveObjects: 0.396600 ms CreateObjectMapping: 0.190700 ms MarkObjects: 1.989200 ms  DeleteObjects: 0.131200 ms)

========================================================================
Received Import Request.
  Time since last request: 597.623961 seconds.
  path: Assets/Prefab/Alec.prefab
  artifactKey: Guid(d10a3a1343600584fb712bb2e48d9d8f) Importer(815301076,1909f56bfc062723c751e8b465ee728b)
Start importing Assets/Prefab/Alec.prefab using Guid(d10a3a1343600584fb712bb2e48d9d8f) Importer(815301076,1909f56bfc062723c751e8b465ee728b)  -> (artifact id: 'b172615295bb6960fa191826a7556b3a') in 0.158977 seconds
  Import took 0.162522 seconds .

========================================================================
Received Import Request.
  Time since last request: 0.000254 seconds.
  path: Assets/Prefab/Dyana.prefab
  artifactKey: Guid(bac3a806306afea49be6b0c6710b3f81) Importer(815301076,1909f56bfc062723c751e8b465ee728b)
Start importing Assets/Prefab/Dyana.prefab using Guid(bac3a806306afea49be6b0c6710b3f81) Importer(815301076,1909f56bfc062723c751e8b465ee728b)  -> (artifact id: 'a8a20c921e739bb4e41d8d95203d54b7') in 0.137827 seconds
  Import took 0.141463 seconds .

========================================================================
Received Import Request.
  Time since last request: 0.000426 seconds.
  path: Assets/Prefab/Masaki.prefab
  artifactKey: Guid(61d660d3e2a9f6846bfc57c964ecad8a) Importer(815301076,1909f56bfc062723c751e8b465ee728b)
Start importing Assets/Prefab/Masaki.prefab using Guid(61d660d3e2a9f6846bfc57c964ecad8a) Importer(815301076,1909f56bfc062723c751e8b465ee728b)  -> (artifact id: '8250d199e0a48549c31da4e627988f8f') in 0.167255 seconds
  Import took 0.170490 seconds .

========================================================================
Received Import Request.
  Time since last request: 0.000308 seconds.
  path: Assets/Prefab/Dyana.prefab
  artifactKey: Guid(bac3a806306afea49be6b0c6710b3f81) Importer(815301076,1909f56bfc062723c751e8b465ee728b)
Start importing Assets/Prefab/Dyana.prefab using Guid(bac3a806306afea49be6b0c6710b3f81) Importer(815301076,1909f56bfc062723c751e8b465ee728b)  -> (artifact id: '4a54abc7628d80a27d82a0d08baf041b') in 0.021193 seconds
  Import took 0.024119 seconds .

========================================================================
Received Import Request.
  Time since last request: 0.000343 seconds.
  path: Assets/Prefab/Masaki.prefab
  artifactKey: Guid(61d660d3e2a9f6846bfc57c964ecad8a) Importer(815301076,1909f56bfc062723c751e8b465ee728b)
Start importing Assets/Prefab/Masaki.prefab using Guid(61d660d3e2a9f6846bfc57c964ecad8a) Importer(815301076,1909f56bfc062723c751e8b465ee728b)  -> (artifact id: '8250d199e0a48549c31da4e627988f8f') in 0.031955 seconds
  Import took 0.035506 seconds .

========================================================================
Received Import Request.
  Time since last request: 0.000305 seconds.
  path: Assets/Prefab/Kammy.prefab
  artifactKey: Guid(8372d3c8135301943a4f08b8b00e8b42) Importer(815301076,1909f56bfc062723c751e8b465ee728b)
Start importing Assets/Prefab/Kammy.prefab using Guid(8372d3c8135301943a4f08b8b00e8b42) Importer(815301076,1909f56bfc062723c751e8b465ee728b)  -> (artifact id: '3d044c0e6797c3b3588a829ea2dd7c74') in 0.137340 seconds
  Import took 0.140651 seconds .

========================================================================
Received Import Request.
  Time since last request: 12.782424 seconds.
  path: Assets/Prefab/Nicolai(Boss).prefab
  artifactKey: Guid(e1112c90ca3b57140bd1b78877928591) Importer(815301076,1909f56bfc062723c751e8b465ee728b)
Start importing Assets/Prefab/Nicolai(Boss).prefab using Guid(e1112c90ca3b57140bd1b78877928591) Importer(815301076,1909f56bfc062723c751e8b465ee728b)  -> (artifact id: 'f813763e1a13aaa99d278259d10973b3') in 0.054890 seconds
  Import took 0.058536 seconds .

========================================================================
Received Import Request.
  Time since last request: 0.000316 seconds.
  path: Assets/Prefab/Outlaw #3.prefab
  artifactKey: Guid(9a1783eacd8f4ca47b6eefd549fcfefe) Importer(815301076,1909f56bfc062723c751e8b465ee728b)
Start importing Assets/Prefab/Outlaw #3.prefab using Guid(9a1783eacd8f4ca47b6eefd549fcfefe) Importer(815301076,1909f56bfc062723c751e8b465ee728b)  -> (artifact id: 'b4b952bf243be84e030673a5e714f839') in 0.056638 seconds
  Import took 0.059310 seconds .

========================================================================
Received Import Request.
  Time since last request: 0.000250 seconds.
  path: Assets/Prefab/Outlaw #2.prefab
  artifactKey: Guid(d73d6d33e8caf934481c5933372b7c4c) Importer(815301076,1909f56bfc062723c751e8b465ee728b)
Start importing Assets/Prefab/Outlaw #2.prefab using Guid(d73d6d33e8caf934481c5933372b7c4c) Importer(815301076,1909f56bfc062723c751e8b465ee728b)  -> (artifact id: '06bf95861277979e1d88f1b15a30ae28') in 0.057389 seconds
  Import took 0.060242 seconds .

========================================================================
Received Import Request.
  Time since last request: 0.000232 seconds.
  path: Assets/Prefab/Zaku(Boss).prefab
  artifactKey: Guid(66cbfc48430070247b1a3836d5e56993) Importer(815301076,1909f56bfc062723c751e8b465ee728b)
Start importing Assets/Prefab/Zaku(Boss).prefab using Guid(66cbfc48430070247b1a3836d5e56993) Importer(815301076,1909f56bfc062723c751e8b465ee728b)  -> (artifact id: '0544193c5e7c33d9760b112c36967634') in 0.061326 seconds
  Import took 0.064110 seconds .

========================================================================
Received Import Request.
  Time since last request: 0.000325 seconds.
  path: Assets/Prefab/Outlaw #1.prefab
  artifactKey: Guid(dd1f91a71fef5fa4f8edba066199a305) Importer(815301076,1909f56bfc062723c751e8b465ee728b)
Start importing Assets/Prefab/Outlaw #1.prefab using Guid(dd1f91a71fef5fa4f8edba066199a305) Importer(815301076,1909f56bfc062723c751e8b465ee728b)  -> (artifact id: 'd42334bf9758bbe377134f412dd2883d') in 0.055350 seconds
  Import took 0.058038 seconds .

========================================================================
Received Import Request.
  Time since last request: 16.225396 seconds.
  path: Assets/Prefab/Nicolai(Boss).prefab
  artifactKey: Guid(e1112c90ca3b57140bd1b78877928591) Importer(815301076,1909f56bfc062723c751e8b465ee728b)
Start importing Assets/Prefab/Nicolai(Boss).prefab using Guid(e1112c90ca3b57140bd1b78877928591) Importer(815301076,1909f56bfc062723c751e8b465ee728b)  -> (artifact id: '14eb176f4752c6b56cfd022f27cfd128') in 0.020256 seconds
  Import took 0.023922 seconds .

========================================================================
Received Import Request.
  Time since last request: 7.863607 seconds.
  path: Assets/Prefab/Zaku(Boss).prefab
  artifactKey: Guid(66cbfc48430070247b1a3836d5e56993) Importer(815301076,1909f56bfc062723c751e8b465ee728b)
Start importing Assets/Prefab/Zaku(Boss).prefab using Guid(66cbfc48430070247b1a3836d5e56993) Importer(815301076,1909f56bfc062723c751e8b465ee728b)  -> (artifact id: '996029f4bc771e2cab7a57bb0b3d27d4') in 0.016674 seconds
  Import took 0.020457 seconds .

========================================================================
Received Import Request.
  Time since last request: 20.177927 seconds.
  path: Assets/Prefab/Gilt(Boss).prefab
  artifactKey: Guid(ca8e7df08246d70478a757f6903d5321) Importer(815301076,1909f56bfc062723c751e8b465ee728b)
Start importing Assets/Prefab/Gilt(Boss).prefab using Guid(ca8e7df08246d70478a757f6903d5321) Importer(815301076,1909f56bfc062723c751e8b465ee728b)  -> (artifact id: '8d4af33938639b35790f1676506dcaf3') in 0.021247 seconds
  Import took 0.024426 seconds .

========================================================================
Received Import Request.
  Time since last request: 21.239182 seconds.
  path: Assets/Prefab/Cmdr. Kahn(Boss).prefab
  artifactKey: Guid(92d9e2b059ff51e41ad60d22ca4bd4f5) Importer(815301076,1909f56bfc062723c751e8b465ee728b)
Start importing Assets/Prefab/Cmdr. Kahn(Boss).prefab using Guid(92d9e2b059ff51e41ad60d22ca4bd4f5) Importer(815301076,1909f56bfc062723c751e8b465ee728b)  -> (artifact id: 'ec6f959259d18bc8d943182e0514ed60') in 0.019370 seconds
  Import took 0.022638 seconds .

========================================================================
Received Prepare
Registering precompiled user dll's ...
Registered in 0.000840 seconds.
Begin MonoManager ReloadAssembly
Native extension for LinuxStandalone target not found
Native extension for WindowsStandalone target not found
Native extension for OSXStandalone target not found
Native extension for WebGL target not found
Refreshing native plugins compatible for Editor in 0.33 ms, found 1 plugins.
Preloading 0 native plugins for Editor in 0.00 ms.
Invoked RoslynAnalysisRunner static constructor.
RoslynAnalysisRunner will not be running.
RoslynAnalysisRunner has terminated.
Mono: successfully reloaded assembly
- Completed reload, in  0.708 seconds
Platform modules already initialized, skipping
Refreshing native plugins compatible for Editor in 0.32 ms, found 1 plugins.
Preloading 0 native plugins for Editor in 0.00 ms.
Unloading 1841 Unused Serialized files (Serialized files now loaded: 0)
System memory in use before: 92.0 MB.
System memory in use after: 92.0 MB.

Unloading 12 unused Assets to reduce memory usage. Loaded Objects now: 2315.
Total: 1.976500 ms (FindLiveObjects: 0.366300 ms CreateObjectMapping: 0.162200 ms MarkObjects: 1.371700 ms  DeleteObjects: 0.074400 ms)

========================================================================
Received Prepare
Registering precompiled user dll's ...
Registered in 0.000795 seconds.
Begin MonoManager ReloadAssembly
Native extension for LinuxStandalone target not found
Native extension for WindowsStandalone target not found
Native extension for OSXStandalone target not found
Native extension for WebGL target not found
Refreshing native plugins compatible for Editor in 0.33 ms, found 1 plugins.
Preloading 0 native plugins for Editor in 0.00 ms.
Invoked RoslynAnalysisRunner static constructor.
RoslynAnalysisRunner will not be running.
RoslynAnalysisRunner has terminated.
Mono: successfully reloaded assembly
- Completed reload, in  0.657 seconds
Platform modules already initialized, skipping
Refreshing native plugins compatible for Editor in 0.34 ms, found 1 plugins.
Preloading 0 native plugins for Editor in 0.00 ms.
Unloading 1841 Unused Serialized files (Serialized files now loaded: 0)
System memory in use before: 92.0 MB.
System memory in use after: 92.0 MB.

Unloading 12 unused Assets to reduce memory usage. Loaded Objects now: 2318.
Total: 1.888600 ms (FindLiveObjects: 0.151600 ms CreateObjectMapping: 0.061400 ms MarkObjects: 1.561800 ms  DeleteObjects: 0.113300 ms)

========================================================================
Received Prepare
Registering precompiled user dll's ...
Registered in 0.000650 seconds.
Begin MonoManager ReloadAssembly
Native extension for LinuxStandalone target not found
Native extension for WindowsStandalone target not found
Native extension for OSXStandalone target not found
Native extension for WebGL target not found
Refreshing native plugins compatible for Editor in 0.34 ms, found 1 plugins.
Preloading 0 native plugins for Editor in 0.00 ms.
Invoked RoslynAnalysisRunner static constructor.
RoslynAnalysisRunner will not be running.
RoslynAnalysisRunner has terminated.
Mono: successfully reloaded assembly
- Completed reload, in  0.642 seconds
Platform modules already initialized, skipping
Refreshing native plugins compatible for Editor in 0.31 ms, found 1 plugins.
Preloading 0 native plugins for Editor in 0.00 ms.
Unloading 1841 Unused Serialized files (Serialized files now loaded: 0)
System memory in use before: 92.0 MB.
System memory in use after: 92.0 MB.

Unloading 12 unused Assets to reduce memory usage. Loaded Objects now: 2321.
Total: 2.786100 ms (FindLiveObjects: 0.508500 ms CreateObjectMapping: 0.256000 ms MarkObjects: 1.891700 ms  DeleteObjects: 0.127900 ms)

========================================================================
Received Prepare
Registering precompiled user dll's ...
Registered in 0.000717 seconds.
Begin MonoManager ReloadAssembly
Native extension for LinuxStandalone target not found
Native extension for WindowsStandalone target not found
Native extension for OSXStandalone target not found
Native extension for WebGL target not found
Refreshing native plugins compatible for Editor in 0.33 ms, found 1 plugins.
Preloading 0 native plugins for Editor in 0.00 ms.
Invoked RoslynAnalysisRunner static constructor.
RoslynAnalysisRunner will not be running.
RoslynAnalysisRunner has terminated.
Mono: successfully reloaded assembly
- Completed reload, in  0.667 seconds
Platform modules already initialized, skipping
Refreshing native plugins compatible for Editor in 0.35 ms, found 1 plugins.
Preloading 0 native plugins for Editor in 0.00 ms.
Unloading 1841 Unused Serialized files (Serialized files now loaded: 0)
System memory in use before: 92.0 MB.
System memory in use after: 92.0 MB.

Unloading 12 unused Assets to reduce memory usage. Loaded Objects now: 2324.
Total: 2.297300 ms (FindLiveObjects: 0.382200 ms CreateObjectMapping: 0.088300 ms MarkObjects: 1.743200 ms  DeleteObjects: 0.082900 ms)

========================================================================
Received Prepare
Registering precompiled user dll's ...
Registered in 0.000620 seconds.
Begin MonoManager ReloadAssembly
Native extension for LinuxStandalone target not found
Native extension for WindowsStandalone target not found
Native extension for OSXStandalone target not found
Native extension for WebGL target not found
Refreshing native plugins compatible for Editor in 0.32 ms, found 1 plugins.
Preloading 0 native plugins for Editor in 0.00 ms.
Invoked RoslynAnalysisRunner static constructor.
RoslynAnalysisRunner will not be running.
RoslynAnalysisRunner has terminated.
Mono: successfully reloaded assembly
- Completed reload, in  0.678 seconds
Platform modules already initialized, skipping
Refreshing native plugins compatible for Editor in 0.31 ms, found 1 plugins.
Preloading 0 native plugins for Editor in 0.00 ms.
Unloading 1841 Unused Serialized files (Serialized files now loaded: 0)
System memory in use before: 92.0 MB.
System memory in use after: 92.0 MB.

Unloading 12 unused Assets to reduce memory usage. Loaded Objects now: 2327.
Total: 1.883900 ms (FindLiveObjects: 0.144500 ms CreateObjectMapping: 0.058900 ms MarkObjects: 1.565000 ms  DeleteObjects: 0.114800 ms)

========================================================================
Received Prepare
Registering precompiled user dll's ...
Registered in 0.000813 seconds.
Begin MonoManager ReloadAssembly
Native extension for LinuxStandalone target not found
Native extension for WindowsStandalone target not found
Native extension for OSXStandalone target not found
Native extension for WebGL target not found
Refreshing native plugins compatible for Editor in 0.35 ms, found 1 plugins.
Preloading 0 native plugins for Editor in 0.00 ms.
Invoked RoslynAnalysisRunner static constructor.
RoslynAnalysisRunner will not be running.
RoslynAnalysisRunner has terminated.
Mono: successfully reloaded assembly
- Completed reload, in  0.732 seconds
Platform modules already initialized, skipping
Refreshing native plugins compatible for Editor in 0.33 ms, found 1 plugins.
Preloading 0 native plugins for Editor in 0.00 ms.
Unloading 1841 Unused Serialized files (Serialized files now loaded: 0)
System memory in use before: 92.0 MB.
System memory in use after: 92.0 MB.

Unloading 12 unused Assets to reduce memory usage. Loaded Objects now: 2330.
Total: 2.713800 ms (FindLiveObjects: 0.494400 ms CreateObjectMapping: 0.252000 ms MarkObjects: 1.885600 ms  DeleteObjects: 0.079600 ms)

========================================================================
Received Import Request.
  Time since last request: 1647.514134 seconds.
  path: Assets/Prefab/Zaku(Boss).prefab
  artifactKey: Guid(66cbfc48430070247b1a3836d5e56993) Importer(815301076,1909f56bfc062723c751e8b465ee728b)
Start importing Assets/Prefab/Zaku(Boss).prefab using Guid(66cbfc48430070247b1a3836d5e56993) Importer(815301076,1909f56bfc062723c751e8b465ee728b)  -> (artifact id: '9cef79341384f79f455a8613a9014b4b') in 0.057050 seconds
  Import took 0.061188 seconds .

========================================================================
Received Import Request.
  Time since last request: 4.676032 seconds.
  path: Assets/Prefab/Nicolai(Boss).prefab
  artifactKey: Guid(e1112c90ca3b57140bd1b78877928591) Importer(815301076,1909f56bfc062723c751e8b465ee728b)
Start importing Assets/Prefab/Nicolai(Boss).prefab using Guid(e1112c90ca3b57140bd1b78877928591) Importer(815301076,1909f56bfc062723c751e8b465ee728b)  -> (artifact id: '715397aa0318cae7db9d7da388844555') in 0.027630 seconds
  Import took 0.030685 seconds .

========================================================================
Received Import Request.
  Time since last request: 2.219421 seconds.
  path: Assets/Prefab/Dyana.prefab
  artifactKey: Guid(bac3a806306afea49be6b0c6710b3f81) Importer(815301076,1909f56bfc062723c751e8b465ee728b)
Start importing Assets/Prefab/Dyana.prefab using Guid(bac3a806306afea49be6b0c6710b3f81) Importer(815301076,1909f56bfc062723c751e8b465ee728b)  -> (artifact id: 'c5eebf323f996c61ab0f7d0973d5481c') in 0.021692 seconds
  Import took 0.025173 seconds .

========================================================================
Received Import Request.
  Time since last request: 7.969342 seconds.
  path: Assets/Prefab/Gilt(Boss).prefab
  artifactKey: Guid(ca8e7df08246d70478a757f6903d5321) Importer(815301076,1909f56bfc062723c751e8b465ee728b)
Start importing Assets/Prefab/Gilt(Boss).prefab using Guid(ca8e7df08246d70478a757f6903d5321) Importer(815301076,1909f56bfc062723c751e8b465ee728b)  -> (artifact id: 'c15e04586e3a2a500db0b527f8d5c8bf') in 0.015884 seconds
  Import took 0.019569 seconds .

========================================================================
Received Import Request.
  Time since last request: 2.789186 seconds.
  path: Assets/Prefab/Cmdr. Kahn(Boss).prefab
  artifactKey: Guid(92d9e2b059ff51e41ad60d22ca4bd4f5) Importer(815301076,1909f56bfc062723c751e8b465ee728b)
Start importing Assets/Prefab/Cmdr. Kahn(Boss).prefab using Guid(92d9e2b059ff51e41ad60d22ca4bd4f5) Importer(815301076,1909f56bfc062723c751e8b465ee728b)  -> (artifact id: '4db74412dd5f34c36ce1829c0ac5c310') in 0.019130 seconds
  Import took 0.022004 seconds .

========================================================================
Received Prepare
Registering precompiled user dll's ...
Registered in 0.000714 seconds.
Begin MonoManager ReloadAssembly
Native extension for LinuxStandalone target not found
Native extension for WindowsStandalone target not found
Native extension for OSXStandalone target not found
Native extension for WebGL target not found
Refreshing native plugins compatible for Editor in 0.60 ms, found 1 plugins.
Preloading 0 native plugins for Editor in 0.00 ms.
Invoked RoslynAnalysisRunner static constructor.
RoslynAnalysisRunner will not be running.
RoslynAnalysisRunner has terminated.
Mono: successfully reloaded assembly
- Completed reload, in  0.671 seconds
Platform modules already initialized, skipping
Refreshing native plugins compatible for Editor in 0.32 ms, found 1 plugins.
Preloading 0 native plugins for Editor in 0.00 ms.
Unloading 1841 Unused Serialized files (Serialized files now loaded: 0)
System memory in use before: 92.1 MB.
System memory in use after: 92.1 MB.

Unloading 12 unused Assets to reduce memory usage. Loaded Objects now: 2334.
Total: 2.425700 ms (FindLiveObjects: 0.147100 ms CreateObjectMapping: 0.058700 ms MarkObjects: 2.104200 ms  DeleteObjects: 0.115200 ms)

AssetImportWorkerClient::OnTransportError - code=2 error=End of file
